c:\users\miyazaki\documents\miyazaki\d1\program\pmc_ssm\pmc_ssm\x64\debug\vc143.pdb
c:\users\miyazaki\documents\miyazaki\d1\program\pmc_ssm\pmc_ssm\x64\debug\vc143.idb
c:\users\miyazaki\documents\miyazaki\d1\program\pmc_ssm\pmc_ssm\x64\debug\write_data_result_file.obj
c:\users\miyazaki\documents\miyazaki\d1\program\pmc_ssm\pmc_ssm\x64\debug\three_dimensional_vector_initialization_function.obj
c:\users\miyazaki\documents\miyazaki\d1\program\pmc_ssm\pmc_ssm\x64\debug\small_accumulation_func.obj
c:\users\miyazaki\documents\miyazaki\d1\program\pmc_ssm\pmc_ssm\x64\debug\read_data_file_function.obj
c:\users\miyazaki\documents\miyazaki\d1\program\pmc_ssm\pmc_ssm\x64\debug\main_function.obj
c:\users\miyazaki\documents\miyazaki\d1\program\pmc_ssm\pmc_ssm\x64\debug\main.obj
c:\users\miyazaki\documents\miyazaki\d1\program\pmc_ssm\pmc_ssm\x64\debug\importance_weight.obj
c:\users\miyazaki\documents\miyazaki\d1\program\pmc_ssm\pmc_ssm\x64\debug\distribution_func.obj
c:\users\miyazaki\documents\miyazaki\d1\program\pmc_ssm\pmc_ssm\x64\debug\comparison_long_double.obj
c:\users\miyazaki\documents\miyazaki\d1\program\pmc_ssm\pmc_ssm\x64\debug\basic_statistics.obj
c:\users\miyazaki\documents\miyazaki\d1\program\pmc_ssm\x64\debug\pmc_ssm.exe
c:\users\miyazaki\documents\miyazaki\d1\program\pmc_ssm\pmc_ssm\x64\debug\pmc_ssm.ilk
c:\users\miyazaki\documents\miyazaki\d1\program\pmc_ssm\x64\debug\pmc_ssm.pdb
c:\users\miyazaki\documents\miyazaki\d1\program\pmc_ssm\pmc_ssm\x64\debug\pmc_ssm.tlog\cl.command.1.tlog
c:\users\miyazaki\documents\miyazaki\d1\program\pmc_ssm\pmc_ssm\x64\debug\pmc_ssm.tlog\cl.read.1.tlog
c:\users\miyazaki\documents\miyazaki\d1\program\pmc_ssm\pmc_ssm\x64\debug\pmc_ssm.tlog\cl.write.1.tlog
c:\users\miyazaki\documents\miyazaki\d1\program\pmc_ssm\pmc_ssm\x64\debug\pmc_ssm.tlog\link.command.1.tlog
c:\users\miyazaki\documents\miyazaki\d1\program\pmc_ssm\pmc_ssm\x64\debug\pmc_ssm.tlog\link.read.1.tlog
c:\users\miyazaki\documents\miyazaki\d1\program\pmc_ssm\pmc_ssm\x64\debug\pmc_ssm.tlog\link.write.1.tlog
